1553759623140	mozrunner::runner	INFO	Running command: "/Applications/Firefox.app/Contents/MacOS/firefox-bin" "-marionette" "-foreground" "-no-remote" "-profile" "/var/folders/90/dlkd210n41j0fqh36xcgz0t00000gn/T/rust_mozprofile.rL9XqqA3C9cw"
1553759629563	addons.webextension.screenshots@mozilla.org	WARN	Loading extension 'screenshots@mozilla.org': Reading manifest: Invalid extension permission: mozillaAddons
1553759629563	addons.webextension.screenshots@mozilla.org	WARN	Loading extension 'screenshots@mozilla.org': Reading manifest: Invalid extension permission: resource://pdf.js/
1553759629564	addons.webextension.screenshots@mozilla.org	WARN	Loading extension 'screenshots@mozilla.org': Reading manifest: Invalid extension permission: about:reader*
1553759632671	Marionette	INFO	Listening on port 52241
1553759638788	mozrunner::runner	INFO	Running command: "/Applications/Firefox.app/Contents/MacOS/firefox-bin" "-marionette" "-foreground" "-no-remote" "-profile" "/var/folders/90/dlkd210n41j0fqh36xcgz0t00000gn/T/rust_mozprofile.TTcAbRgkDZH4"
1553759640094	addons.webextension.screenshots@mozilla.org	WARN	Loading extension 'screenshots@mozilla.org': Reading manifest: Invalid extension permission: mozillaAddons
1553759640094	addons.webextension.screenshots@mozilla.org	WARN	Loading extension 'screenshots@mozilla.org': Reading manifest: Invalid extension permission: resource://pdf.js/
1553759640095	addons.webextension.screenshots@mozilla.org	WARN	Loading extension 'screenshots@mozilla.org': Reading manifest: Invalid extension permission: about:reader*
1553759643696	Marionette	INFO	Listening on port 52274
1553759643772	Marionette	WARN	TLS certificate errors will be ignored for this session
JavaScript error: https://ss1.bdstatic.com/5eN1bjq8AAUYm2zgoY3K/r/www/cache/static/protocol/https/plugins/every_cookie_mac_82990d4.js, line 4: ReferenceError: c is not defined
1553759666931	mozrunner::runner	INFO	Running command: "/Applications/Firefox.app/Contents/MacOS/firefox-bin" "-marionette" "-foreground" "-no-remote" "-profile" "/var/folders/90/dlkd210n41j0fqh36xcgz0t00000gn/T/rust_mozprofile.vhJFJE294KUg"
1553759668628	addons.webextension.screenshots@mozilla.org	WARN	Loading extension 'screenshots@mozilla.org': Reading manifest: Invalid extension permission: mozillaAddons
1553759668629	addons.webextension.screenshots@mozilla.org	WARN	Loading extension 'screenshots@mozilla.org': Reading manifest: Invalid extension permission: resource://pdf.js/
1553759668629	addons.webextension.screenshots@mozilla.org	WARN	Loading extension 'screenshots@mozilla.org': Reading manifest: Invalid extension permission: about:reader*
1553759671225	Marionette	INFO	Listening on port 52360
1553759671302	Marionette	WARN	TLS certificate errors will be ignored for this session
console.error: BroadcastService: 
  receivedBroadcastMessage: handler for
  remote-settings/monitor_changes
  threw error:
  Message: Error: Polling for changes failed: NetworkError when attempting to fetch resource..
  Stack:
    remoteSettingsFunction/remoteSettings.pollChanges@resource://services-settings/remote-settings.js:190:13

console.error: BroadcastService: 
  receivedBroadcastMessage: handler for
  remote-settings/monitor_changes
  threw error:
  Message: Error: Polling for changes failed: NetworkError when attempting to fetch resource..
  Stack:
    remoteSettingsFunction/remoteSettings.pollChanges@resource://services-settings/remote-settings.js:190:13

console.error: BroadcastService: 
  receivedBroadcastMessage: handler for
  remote-settings/monitor_changes
  threw error:
  Message: Error: Polling for changes failed: NetworkError when attempting to fetch resource..
  Stack:
    remoteSettingsFunction/remoteSettings.pollChanges@resource://services-settings/remote-settings.js:190:13

1553760212492	mozrunner::runner	INFO	Running command: "/Applications/Firefox.app/Contents/MacOS/firefox-bin" "-marionette" "-foreground" "-no-remote" "-profile" "/var/folders/90/dlkd210n41j0fqh36xcgz0t00000gn/T/rust_mozprofile.tg547NiYMQkO"
1553760214116	addons.webextension.screenshots@mozilla.org	WARN	Loading extension 'screenshots@mozilla.org': Reading manifest: Invalid extension permission: mozillaAddons
1553760214117	addons.webextension.screenshots@mozilla.org	WARN	Loading extension 'screenshots@mozilla.org': Reading manifest: Invalid extension permission: resource://pdf.js/
1553760214117	addons.webextension.screenshots@mozilla.org	WARN	Loading extension 'screenshots@mozilla.org': Reading manifest: Invalid extension permission: about:reader*
1553760217249	Marionette	INFO	Listening on port 52854
1553760217411	Marionette	WARN	TLS certificate errors will be ignored for this session
1553760250587	mozrunner::runner	INFO	Running command: "/Applications/Firefox.app/Contents/MacOS/firefox-bin" "-marionette" "-foreground" "-no-remote" "-profile" "/var/folders/90/dlkd210n41j0fqh36xcgz0t00000gn/T/rust_mozprofile.jLu5hxWouovq"
1553760251770	addons.webextension.screenshots@mozilla.org	WARN	Loading extension 'screenshots@mozilla.org': Reading manifest: Invalid extension permission: mozillaAddons
1553760251771	addons.webextension.screenshots@mozilla.org	WARN	Loading extension 'screenshots@mozilla.org': Reading manifest: Invalid extension permission: resource://pdf.js/
1553760251771	addons.webextension.screenshots@mozilla.org	WARN	Loading extension 'screenshots@mozilla.org': Reading manifest: Invalid extension permission: about:reader*
1553760254254	Marionette	INFO	Listening on port 52950
1553760254331	Marionette	WARN	TLS certificate errors will be ignored for this session
1553760632795	mozrunner::runner	INFO	Running command: "/Applications/Firefox.app/Contents/MacOS/firefox-bin" "-marionette" "-foreground" "-no-remote" "-profile" "/var/folders/90/dlkd210n41j0fqh36xcgz0t00000gn/T/rust_mozprofile.DB5jWTcoZ64U"
1553760634466	addons.webextension.screenshots@mozilla.org	WARN	Loading extension 'screenshots@mozilla.org': Reading manifest: Invalid extension permission: mozillaAddons
1553760634467	addons.webextension.screenshots@mozilla.org	WARN	Loading extension 'screenshots@mozilla.org': Reading manifest: Invalid extension permission: resource://pdf.js/
1553760634467	addons.webextension.screenshots@mozilla.org	WARN	Loading extension 'screenshots@mozilla.org': Reading manifest: Invalid extension permission: about:reader*
1553760638060	Marionette	INFO	Listening on port 53116
1553760638237	Marionette	WARN	TLS certificate errors will be ignored for this session
console.error: BroadcastService: 
  receivedBroadcastMessage: handler for
  remote-settings/monitor_changes
  threw error:
  Message: Error: Polling for changes failed: NetworkError when attempting to fetch resource..
  Stack:
    remoteSettingsFunction/remoteSettings.pollChanges@resource://services-settings/remote-settings.js:190:13

console.error: BroadcastService: 
  receivedBroadcastMessage: handler for
  remote-settings/monitor_changes
  threw error:
  Message: Error: Polling for changes failed: NetworkError when attempting to fetch resource..
  Stack:
    remoteSettingsFunction/remoteSettings.pollChanges@resource://services-settings/remote-settings.js:190:13

console.error: BroadcastService: 
  receivedBroadcastMessage: handler for
  remote-settings/monitor_changes
  threw error:
  Message: Error: Polling for changes failed: NetworkError when attempting to fetch resource..
  Stack:
    remoteSettingsFunction/remoteSettings.pollChanges@resource://services-settings/remote-settings.js:190:13

1553760682617	Marionette	INFO	Stopped listening on port 52274
1553760684926	Marionette	INFO	Stopped listening on port 52360
1553760687611	Marionette	INFO	Stopped listening on port 52854
1553760689719	Marionette	INFO	Stopped listening on port 52950
1553760692068	Marionette	INFO	Stopped listening on port 53116
1553760889715	mozrunner::runner	INFO	Running command: "/Applications/Firefox.app/Contents/MacOS/firefox-bin" "-marionette" "-foreground" "-no-remote" "-profile" "/var/folders/90/dlkd210n41j0fqh36xcgz0t00000gn/T/rust_mozprofile.wVxemjTREY50"
1553760891080	addons.webextension.screenshots@mozilla.org	WARN	Loading extension 'screenshots@mozilla.org': Reading manifest: Invalid extension permission: mozillaAddons
1553760891080	addons.webextension.screenshots@mozilla.org	WARN	Loading extension 'screenshots@mozilla.org': Reading manifest: Invalid extension permission: resource://pdf.js/
1553760891080	addons.webextension.screenshots@mozilla.org	WARN	Loading extension 'screenshots@mozilla.org': Reading manifest: Invalid extension permission: about:reader*
1553760894098	Marionette	INFO	Listening on port 53279
1553760894240	Marionette	WARN	TLS certificate errors will be ignored for this session
console.error: BroadcastService: 
  receivedBroadcastMessage: handler for
  remote-settings/monitor_changes
  threw error:
  Message: Error: Polling for changes failed: NetworkError when attempting to fetch resource..
  Stack:
    remoteSettingsFunction/remoteSettings.pollChanges@resource://services-settings/remote-settings.js:190:13

1553761019554	mozrunner::runner	INFO	Running command: "/Applications/Firefox.app/Contents/MacOS/firefox-bin" "-marionette" "-foreground" "-no-remote" "-profile" "/var/folders/90/dlkd210n41j0fqh36xcgz0t00000gn/T/rust_mozprofile.x0maC3498w85"
1553761021014	addons.webextension.screenshots@mozilla.org	WARN	Loading extension 'screenshots@mozilla.org': Reading manifest: Invalid extension permission: mozillaAddons
1553761021014	addons.webextension.screenshots@mozilla.org	WARN	Loading extension 'screenshots@mozilla.org': Reading manifest: Invalid extension permission: resource://pdf.js/
1553761021014	addons.webextension.screenshots@mozilla.org	WARN	Loading extension 'screenshots@mozilla.org': Reading manifest: Invalid extension permission: about:reader*
1553761025058	Marionette	INFO	Listening on port 53391
1553761025125	Marionette	WARN	TLS certificate errors will be ignored for this session
console.error: BroadcastService: 
  receivedBroadcastMessage: handler for
  remote-settings/monitor_changes
  threw error:
  Message: Error: Polling for changes failed: NetworkError when attempting to fetch resource..
  Stack:
    remoteSettingsFunction/remoteSettings.pollChanges@resource://services-settings/remote-settings.js:190:13

1553761100026	mozrunner::runner	INFO	Running command: "/Applications/Firefox.app/Contents/MacOS/firefox-bin" "-marionette" "-foreground" "-no-remote" "-profile" "/var/folders/90/dlkd210n41j0fqh36xcgz0t00000gn/T/rust_mozprofile.yJToYNdgGA7M"
1553761101176	addons.webextension.screenshots@mozilla.org	WARN	Loading extension 'screenshots@mozilla.org': Reading manifest: Invalid extension permission: mozillaAddons
1553761101176	addons.webextension.screenshots@mozilla.org	WARN	Loading extension 'screenshots@mozilla.org': Reading manifest: Invalid extension permission: resource://pdf.js/
1553761101177	addons.webextension.screenshots@mozilla.org	WARN	Loading extension 'screenshots@mozilla.org': Reading manifest: Invalid extension permission: about:reader*
1553761104158	Marionette	INFO	Listening on port 53541
1553761104240	Marionette	WARN	TLS certificate errors will be ignored for this session
console.error: BroadcastService: 
  receivedBroadcastMessage: handler for
  remote-settings/monitor_changes
  threw error:
  Message: Error: Polling for changes failed: NetworkError when attempting to fetch resource..
  Stack:
    remoteSettingsFunction/remoteSettings.pollChanges@resource://services-settings/remote-settings.js:190:13

1553761404564	mozrunner::runner	INFO	Running command: "/Applications/Firefox.app/Contents/MacOS/firefox-bin" "-marionette" "-foreground" "-no-remote" "-profile" "/var/folders/90/dlkd210n41j0fqh36xcgz0t00000gn/T/rust_mozprofile.1M5cVKwbKNMb"
1553761405487	addons.webextension.screenshots@mozilla.org	WARN	Loading extension 'screenshots@mozilla.org': Reading manifest: Invalid extension permission: mozillaAddons
1553761405488	addons.webextension.screenshots@mozilla.org	WARN	Loading extension 'screenshots@mozilla.org': Reading manifest: Invalid extension permission: resource://pdf.js/
1553761405488	addons.webextension.screenshots@mozilla.org	WARN	Loading extension 'screenshots@mozilla.org': Reading manifest: Invalid extension permission: about:reader*
1553761408206	Marionette	INFO	Listening on port 53707
1553761408248	Marionette	WARN	TLS certificate errors will be ignored for this session
console.error: BroadcastService: 
  receivedBroadcastMessage: handler for
  remote-settings/monitor_changes
  threw error:
  Message: Error: Polling for changes failed: NetworkError when attempting to fetch resource..
  Stack:
    remoteSettingsFunction/remoteSettings.pollChanges@resource://services-settings/remote-settings.js:190:13

1553761478714	mozrunner::runner	INFO	Running command: "/Applications/Firefox.app/Contents/MacOS/firefox-bin" "-marionette" "-foreground" "-no-remote" "-profile" "/var/folders/90/dlkd210n41j0fqh36xcgz0t00000gn/T/rust_mozprofile.FT6W7184BVvh"
1553761480383	addons.webextension.screenshots@mozilla.org	WARN	Loading extension 'screenshots@mozilla.org': Reading manifest: Invalid extension permission: mozillaAddons
1553761480390	addons.webextension.screenshots@mozilla.org	WARN	Loading extension 'screenshots@mozilla.org': Reading manifest: Invalid extension permission: resource://pdf.js/
1553761480390	addons.webextension.screenshots@mozilla.org	WARN	Loading extension 'screenshots@mozilla.org': Reading manifest: Invalid extension permission: about:reader*
1553761483639	Marionette	INFO	Listening on port 53801
1553761483714	Marionette	WARN	TLS certificate errors will be ignored for this session
1553761556442	mozrunner::runner	INFO	Running command: "/Applications/Firefox.app/Contents/MacOS/firefox-bin" "-marionette" "-foreground" "-no-remote" "-profile" "/var/folders/90/dlkd210n41j0fqh36xcgz0t00000gn/T/rust_mozprofile.9c6dVX7vGYYb"
1553761558148	addons.webextension.screenshots@mozilla.org	WARN	Loading extension 'screenshots@mozilla.org': Reading manifest: Invalid extension permission: mozillaAddons
1553761558149	addons.webextension.screenshots@mozilla.org	WARN	Loading extension 'screenshots@mozilla.org': Reading manifest: Invalid extension permission: resource://pdf.js/
1553761558149	addons.webextension.screenshots@mozilla.org	WARN	Loading extension 'screenshots@mozilla.org': Reading manifest: Invalid extension permission: about:reader*
1553761560666	Marionette	INFO	Listening on port 53921
1553761560742	Marionette	WARN	TLS certificate errors will be ignored for this session
console.error: BroadcastService: 
  receivedBroadcastMessage: handler for
  remote-settings/monitor_changes
  threw error:
  Message: Error: Polling for changes failed: NetworkError when attempting to fetch resource..
  Stack:
    remoteSettingsFunction/remoteSettings.pollChanges@resource://services-settings/remote-settings.js:190:13

console.error: BroadcastService: 
  receivedBroadcastMessage: handler for
  remote-settings/monitor_changes
  threw error:
  Message: Error: Polling for changes failed: NetworkError when attempting to fetch resource..
  Stack:
    remoteSettingsFunction/remoteSettings.pollChanges@resource://services-settings/remote-settings.js:190:13

1553761603643	mozrunner::runner	INFO	Running command: "/Applications/Firefox.app/Contents/MacOS/firefox-bin" "-marionette" "-foreground" "-no-remote" "-profile" "/var/folders/90/dlkd210n41j0fqh36xcgz0t00000gn/T/rust_mozprofile.4DXpLnJqC2fY"
1553761604772	addons.webextension.screenshots@mozilla.org	WARN	Loading extension 'screenshots@mozilla.org': Reading manifest: Invalid extension permission: mozillaAddons
1553761604772	addons.webextension.screenshots@mozilla.org	WARN	Loading extension 'screenshots@mozilla.org': Reading manifest: Invalid extension permission: resource://pdf.js/
1553761604772	addons.webextension.screenshots@mozilla.org	WARN	Loading extension 'screenshots@mozilla.org': Reading manifest: Invalid extension permission: about:reader*
1553761607700	Marionette	INFO	Listening on port 54020
1553761607738	Marionette	WARN	TLS certificate errors will be ignored for this session
1553761612792	Marionette	INFO	Stopped listening on port 53279
1553761615328	Marionette	INFO	Stopped listening on port 53391
1553761615988	Marionette	INFO	Stopped listening on port 53707
1553761616107	Marionette	INFO	Stopped listening on port 53541
JavaScript error: chrome://browser/content/utilityOverlay.js, line 24: TypeError: can't redefine non-configurable property "BROWSER_NEW_TAB_URL"
1553761690716	mozrunner::runner	INFO	Running command: "/Applications/Firefox.app/Contents/MacOS/firefox-bin" "-marionette" "-foreground" "-no-remote" "-profile" "/var/folders/90/dlkd210n41j0fqh36xcgz0t00000gn/T/rust_mozprofile.mQYC1F2KjnL6"
1553761691706	addons.webextension.screenshots@mozilla.org	WARN	Loading extension 'screenshots@mozilla.org': Reading manifest: Invalid extension permission: mozillaAddons
1553761691706	addons.webextension.screenshots@mozilla.org	WARN	Loading extension 'screenshots@mozilla.org': Reading manifest: Invalid extension permission: resource://pdf.js/
1553761691707	addons.webextension.screenshots@mozilla.org	WARN	Loading extension 'screenshots@mozilla.org': Reading manifest: Invalid extension permission: about:reader*
1553761694556	Marionette	INFO	Listening on port 54127
1553761694706	Marionette	WARN	TLS certificate errors will be ignored for this session
console.error: BroadcastService: 
  receivedBroadcastMessage: handler for
  remote-settings/monitor_changes
  threw error:
  Message: Error: Polling for changes failed: NetworkError when attempting to fetch resource..
  Stack:
    remoteSettingsFunction/remoteSettings.pollChanges@resource://services-settings/remote-settings.js:190:13

console.error: BroadcastService: 
  receivedBroadcastMessage: handler for
  remote-settings/monitor_changes
  threw error:
  Message: Error: Polling for changes failed: NetworkError when attempting to fetch resource..
  Stack:
    remoteSettingsFunction/remoteSettings.pollChanges@resource://services-settings/remote-settings.js:190:13

1553763084629	mozrunner::runner	INFO	Running command: "/Applications/Firefox.app/Contents/MacOS/firefox-bin" "-marionette" "-foreground" "-no-remote" "-profile" "/var/folders/90/dlkd210n41j0fqh36xcgz0t00000gn/T/rust_mozprofile.ufpCCiY3S1C3"
1553763086504	addons.webextension.screenshots@mozilla.org	WARN	Loading extension 'screenshots@mozilla.org': Reading manifest: Invalid extension permission: mozillaAddons
1553763086505	addons.webextension.screenshots@mozilla.org	WARN	Loading extension 'screenshots@mozilla.org': Reading manifest: Invalid extension permission: resource://pdf.js/
1553763086505	addons.webextension.screenshots@mozilla.org	WARN	Loading extension 'screenshots@mozilla.org': Reading manifest: Invalid extension permission: about:reader*
1553763089865	Marionette	INFO	Listening on port 54670
1553763090016	Marionette	WARN	TLS certificate errors will be ignored for this session
console.error: BroadcastService: 
  receivedBroadcastMessage: handler for
  remote-settings/monitor_changes
  threw error:
  Message: Error: Polling for changes failed: NetworkError when attempting to fetch resource..
  Stack:
    remoteSettingsFunction/remoteSettings.pollChanges@resource://services-settings/remote-settings.js:190:13

console.error: "Error sending event: display-change"
console.error: "TypeError: this.rawNode.ownerGlobal is null: getCustomElementLocation@resource://devtools/server/actors/inspector/node.js:379:11\nform@resource://devtools/server/actors/inspector/node.js:131:30\nwrite@resource://devtools/shared/protocol.js:356:44\ntypes.addArrayType/write/<@resource://devtools/shared/protocol.js:228:25\nwrite@resource://devtools/shared/protocol.js:228:14\nwrite@resource://devtools/shared/protocol.js:517:12\nwrite@resource://devtools/shared/protocol.js:699:20\n_sendEvent@resource://devtools/shared/protocol.js:1023:16\ninitialize/<@resource://devtools/shared/protocol.js:1005:11\nemit@resource://devtools/shared/event-emitter.js:186:15\nemit@resource://devtools/shared/event-emitter.js:267:5\n_onReflows@resource://devtools/server/actors/inspector/walker.js:403:7\nemit@resource://devtools/shared/event-emitter.js:186:15\nemit@resource://devtools/shared/event-emitter.js:267:5\n_startEventLoop@resource://devtools/server/actors/reflow.js:312:7\nnotify@resource://gre/modules/Timer.jsm:42:7\n"
TypeError: this.rawNode.ownerGlobal is null: getCustomElementLocation@resource://devtools/server/actors/inspector/node.js:379:11
form@resource://devtools/server/actors/inspector/node.js:131:30
write@resource://devtools/shared/protocol.js:356:44
types.addArrayType/write/<@resource://devtools/shared/protocol.js:228:25
write@resource://devtools/shared/protocol.js:228:14
write@resource://devtools/shared/protocol.js:517:12
write@resource://devtools/shared/protocol.js:699:20
_sendEvent@resource://devtools/shared/protocol.js:1023:16
initialize/<@resource://devtools/shared/protocol.js:1005:11
emit@resource://devtools/shared/event-emitter.js:186:15
emit@resource://devtools/shared/event-emitter.js:267:5
_onReflows@resource://devtools/server/actors/inspector/walker.js:403:7
emit@resource://devtools/shared/event-emitter.js:186:15
emit@resource://devtools/shared/event-emitter.js:267:5
_startEventLoop@resource://devtools/server/actors/reflow.js:312:7
notify@resource://gre/modules/Timer.jsm:42:7

console.warn: "Got a mutation for an unexpected actor: server1.conn0.child1/domnode73, please file a bug on bugzilla.mozilla.org!"
console.trace: 
resource://devtools/shared/fronts/inspector.js 286 getMutations/<
console.warn: "Got a mutation for an unexpected actor: server1.conn0.child1/domnode72, please file a bug on bugzilla.mozilla.org!"
console.trace: 
resource://devtools/shared/fronts/inspector.js 286 getMutations/<
console.warn: "Got a mutation for an unexpected actor: server1.conn0.child1/domnode60, please file a bug on bugzilla.mozilla.org!"
console.trace: 
resource://devtools/shared/fronts/inspector.js 286 getMutations/<
1553763263510	mozrunner::runner	INFO	Running command: "/Applications/Firefox.app/Contents/MacOS/firefox-bin" "-marionette" "-foreground" "-no-remote" "-profile" "/var/folders/90/dlkd210n41j0fqh36xcgz0t00000gn/T/rust_mozprofile.g9bPT5Hn1Rg2"
1553763264713	addons.webextension.screenshots@mozilla.org	WARN	Loading extension 'screenshots@mozilla.org': Reading manifest: Invalid extension permission: mozillaAddons
1553763264717	addons.webextension.screenshots@mozilla.org	WARN	Loading extension 'screenshots@mozilla.org': Reading manifest: Invalid extension permission: resource://pdf.js/
1553763264718	addons.webextension.screenshots@mozilla.org	WARN	Loading extension 'screenshots@mozilla.org': Reading manifest: Invalid extension permission: about:reader*
1553763271220	Marionette	INFO	Listening on port 54821
1553763271308	Marionette	WARN	TLS certificate errors will be ignored for this session
console.error: BroadcastService: 
  receivedBroadcastMessage: handler for
  remote-settings/monitor_changes
  threw error:
  Message: Error: Polling for changes failed: NetworkError when attempting to fetch resource..
  Stack:
    remoteSettingsFunction/remoteSettings.pollChanges@resource://services-settings/remote-settings.js:190:13

1553764347413	Marionette	INFO	Stopped listening on port 52241
1553764352783	Marionette	INFO	Stopped listening on port 53921
1553764357431	Marionette	INFO	Stopped listening on port 54020
1553764363077	Marionette	INFO	Stopped listening on port 54127

###!!! [Parent][MessageChannel] Error: (msgtype=0x1B0011,name=PBackgroundStorage::Msg_Observe) Channel error: cannot send/recv


###!!! [Parent][MessageChannel] Error: (msgtype=0x1B0011,name=PBackgroundStorage::Msg_Observe) Channel error: cannot send/recv

1553764367842	Marionette	INFO	Stopped listening on port 53801
1553764374380	Marionette	INFO	Stopped listening on port 54670

###!!! [Parent][MessageChannel] Error: (msgtype=0x1B0011,name=PBackgroundStorage::Msg_Observe) Channel error: cannot send/recv

1553764379765	Marionette	INFO	Stopped listening on port 54821
1553770579728	mozrunner::runner	INFO	Running command: "/Applications/Firefox.app/Contents/MacOS/firefox-bin" "-marionette" "-foreground" "-no-remote" "-profile" "/var/folders/90/dlkd210n41j0fqh36xcgz0t00000gn/T/rust_mozprofile.TN8HZMcLXs5T"
1553770581616	addons.webextension.screenshots@mozilla.org	WARN	Loading extension 'screenshots@mozilla.org': Reading manifest: Invalid extension permission: mozillaAddons
1553770581616	addons.webextension.screenshots@mozilla.org	WARN	Loading extension 'screenshots@mozilla.org': Reading manifest: Invalid extension permission: resource://pdf.js/
1553770581616	addons.webextension.screenshots@mozilla.org	WARN	Loading extension 'screenshots@mozilla.org': Reading manifest: Invalid extension permission: about:reader*
1553770585347	Marionette	INFO	Listening on port 58662
1553770585413	Marionette	WARN	TLS certificate errors will be ignored for this session
console.error: BroadcastService: 
  receivedBroadcastMessage: handler for
  remote-settings/monitor_changes
  threw error:
  Message: Error: Polling for changes failed: NetworkError when attempting to fetch resource..
  Stack:
    remoteSettingsFunction/remoteSettings.pollChanges@resource://services-settings/remote-settings.js:190:13


###!!! [Child][RunMessage] Error: Channel closing: too late to send/recv, messages will be lost

JavaScript error: https://ss1.bdstatic.com/5eN1bjq8AAUYm2zgoY3K/r/www/cache/static/protocol/https/plugins/every_cookie_mac_82990d4.js, line 4: ReferenceError: c is not defined
JavaScript error: https://gss0.baidu.com/9rA4cT8aBw9FktbgoI7O1ygwehsv/static/api/js/trans/logger.js?v=d16ec0e3.js, line 1: TypeError: n.ajax.request is not a function
JavaScript error: https://gss0.baidu.com/9rA4cT8aBw9FktbgoI7O1ygwehsv/static/api/js/trans/logger.js?v=d16ec0e3.js, line 1: TypeError: n.ajax.request is not a function
2019-03-31 12:28:25.920 firefox-bin[86734:5385654] -deltaZ is deprecated for NSEventTypeMagnify.  Please use -magnification.
JavaScript error: chrome://browser/content/browser-gestureSupport.js, line 445: TypeError: window.content is null
JavaScript error: chrome://browser/content/browser-gestureSupport.js, line 464: TypeError: window.content is null
JavaScript error: chrome://browser/content/browser-gestureSupport.js, line 445: TypeError: window.content is null
JavaScript error: chrome://browser/content/browser-gestureSupport.js, line 445: TypeError: window.content is null
JavaScript error: chrome://browser/content/browser-gestureSupport.js, line 445: TypeError: window.content is null
JavaScript error: chrome://browser/content/browser-gestureSupport.js, line 445: TypeError: window.content is null
JavaScript error: chrome://browser/content/browser-gestureSupport.js, line 445: TypeError: window.content is null
JavaScript error: chrome://browser/content/browser-gestureSupport.js, line 445: TypeError: window.content is null
JavaScript error: chrome://browser/content/browser-gestureSupport.js, line 445: TypeError: window.content is null
JavaScript error: chrome://browser/content/browser-gestureSupport.js, line 445: TypeError: window.content is null
JavaScript error: chrome://browser/content/browser-gestureSupport.js, line 445: TypeError: window.content is null
JavaScript error: chrome://browser/content/browser-gestureSupport.js, line 445: TypeError: window.content is null
JavaScript error: chrome://browser/content/browser-gestureSupport.js, line 445: TypeError: window.content is null
JavaScript error: chrome://browser/content/browser-gestureSupport.js, line 464: TypeError: window.content is null
JavaScript error: https://gss0.baidu.com/9rA4cT8aBw9FktbgoI7O1ygwehsv/static/api/js/trans/logger.js?v=d16ec0e3.js, line 1: TypeError: n.ajax.request is not a function
JavaScript error: resource://gre/modules/WebProgressChild.jsm, line 61: TypeError: this.mm.content is null
JavaScript error: https://gss0.baidu.com/9rA4cT8aBw9FktbgoI7O1ygwehsv/static/api/js/trans/logger.js?v=d16ec0e3.js, line 1: TypeError: n.ajax.request is not a function
JavaScript error: resource://gre/modules/WebProgressChild.jsm, line 61: TypeError: this.mm.content is null
JavaScript error: , line 0: AbortError: A request was aborted, for example through a call to IDBTransaction.abort.
JavaScript error: , line 0: uncaught exception: null
1554084551210	Marionette	INFO	Stopped listening on port 58662
1554375745025	mozrunner::runner	INFO	Running command: "/Applications/Firefox.app/Contents/MacOS/firefox-bin" "-marionette" "-foreground" "-no-remote" "-profile" "/var/folders/90/dlkd210n41j0fqh36xcgz0t00000gn/T/rust_mozprofile.t2NONJhhQUUC"
1554375745807	addons.webextension.screenshots@mozilla.org	WARN	Loading extension 'screenshots@mozilla.org': Reading manifest: Invalid extension permission: mozillaAddons
1554375745808	addons.webextension.screenshots@mozilla.org	WARN	Loading extension 'screenshots@mozilla.org': Reading manifest: Invalid extension permission: resource://pdf.js/
1554375745808	addons.webextension.screenshots@mozilla.org	WARN	Loading extension 'screenshots@mozilla.org': Reading manifest: Invalid extension permission: about:reader*
1554375749530	Marionette	INFO	Listening on port 54490
1554375749599	Marionette	WARN	TLS certificate errors will be ignored for this session
console.error: BroadcastService: 
  receivedBroadcastMessage: handler for
  remote-settings/monitor_changes
  threw error:
  Message: Error: Polling for changes failed: NetworkError when attempting to fetch resource..
  Stack:
    remoteSettingsFunction/remoteSettings.pollChanges@resource://services-settings/remote-settings.js:190:13

JavaScript error: https://gss0.baidu.com/9rA4cT8aBw9FktbgoI7O1ygwehsv/static/api/js/trans/logger.js?v=d16ec0e3.js, line 1: TypeError: n.ajax.request is not a function
JavaScript error: resource://gre/modules/WebProgressChild.jsm, line 61: TypeError: this.mm.content is null
JavaScript error: https://ada.baidu.com/static/imlp/static/js/components/iclient.bundle.min_fc314d2.js, line 1: TypeError: e.el.scrollIntoViewIfNeeded is not a function
JavaScript error: http://www.gjtuofa.com/images/paomadeng.js, line 4: ReferenceError: divSep is not defined
JavaScript error: http://www.gjtuofa.com/gaikuang/, line 1: ReferenceError: fanhui is not defined
JavaScript error: http://www.gjtuofa.com/jiankang/, line 1: ReferenceError: fanhui is not defined
JavaScript error: http://www.gjtuofa.com/zhuanjia/, line 1: ReferenceError: fanhui is not defined
JavaScript error: http://www.gjtuofa.com/zhuanjia/20160525125.html, line 1: ReferenceError: fanhui is not defined
JavaScript error: http://www.gjtuofa.com/zhuanjia/20160525126.html, line 1: ReferenceError: fanhui is not defined
JavaScript error: , line 0: InvalidStateError: An attempt was made to use an object that is not, or is no longer, usable
JavaScript error: http://tb1.bdstatic.com/??/tb/static-common/js/promise_3464b70.js,/tb/static-common/js/promise_config_91c2822.js,/tb/static-common/lib/uri.js/src/URI.min_e84a17a.js,/tb/static-common/js/jquery/jquery_ba2d628.js,/tb/static-common/js/jquery/jquery-ui-1.10.3.custom_65f256d.js,/tb/static-common/js/jquery/jquery.ui.droppable_3b547e9.js,/tb/static-common/js/jquery/jquery.lazyload_49a7282.js,/tb/static-common/lib/fis-module/fis_c1e11e0.js,/tb/static-common/js/__aop_af3a579.js,/tb/static-common/js/baiduTemplate_841433b.js,/tb/static-common/js/jcarousellite_1.0.1_a033082.js,/tb/static-common/js/page_link_2ec40cf.js,/tb/static-common/js/pageconf_8abbe38.js,/tb/static-common/js/tb_0329f65.js,/tb/static-common/js/tb_extend_000de9f.js,/tb/static-common/js/tb_fis_config_6ca7118.js,/tb/static-common/js/tb_stats_ba8deb9.js,/tb/static-common/js/underscore_b23cfa6.js,/tb/static-common/js/qrcode_f84ab06.js,/tb/static-common/lib/fis-module/module_5ae89d6.js,/tb/static-common/lib/bigpipe.js/lib/bigpipe_eabdb6b.js,/tb/static-common/js/bigpipe_config_9c152a9.js,/tb/static-common/js/lcs/lib/Long_8276e76.js,/tb/static-common/js/lcs/lcsas_4e45cc0.js,/tb/static-common/js/bsk/dknsaZmLdyKfEeIVbKxn_7b5edbc.js,/tb/static-common/js/bsk/omzVouOACqkNljzDbdOB_4efff96.js,/tb/static-common/js/bsk/jkaEbldlZmvawIuwAdqo_670b771.js, line 2: TypeError: e is null
JavaScript error: , line 0: InvalidStateError: An attempt was made to use an object that is not, or is no longer, usable
JavaScript error: , line 0: InvalidStateError: An attempt was made to use an object that is not, or is no longer, usable
JavaScript error: , line 0: InvalidStateError: An attempt was made to use an object that is not, or is no longer, usable
JavaScript error: , line 0: InvalidStateError: An attempt was made to use an object that is not, or is no longer, usable
JavaScript error: , line 0: InvalidStateError: An attempt was made to use an object that is not, or is no longer, usable
JavaScript error: , line 0: InvalidStateError: An attempt was made to use an object that is not, or is no longer, usable
JavaScript error: , line 0: InvalidStateError: An attempt was made to use an object that is not, or is no longer, usable
JavaScript error: , line 0: InvalidStateError: An attempt was made to use an object that is not, or is no longer, usable
JavaScript error: https://gss0.baidu.com/9rA4cT8aBw9FktbgoI7O1ygwehsv/static/api/js/trans/logger.js?v=d16ec0e3.js, line 1: TypeError: n.ajax.request is not a function
JavaScript error: resource://gre/modules/WebProgressChild.jsm, line 61: TypeError: this.mm.content is null
JavaScript error: , line 0: uncaught exception: UnknownError
JavaScript warning: http://s.thsi.cn/js/jquery-1.9.1.min.js, line 2: Using //@ to indicate sourceMappingURL pragmas is deprecated. Use //# instead
JavaScript error: , line 0: uncaught exception: UnknownError
JavaScript error: , line 0: uncaught exception: UnknownError
JavaScript error: , line 0: uncaught exception: UnknownError
JavaScript warning: http://image.baidu.com/search/index?tn=baiduimage&ps=1&ct=201326592&lm=-1&cl=2&nc=1&ie=utf-8&word=%E6%88%91%E8%A6%81, line 969: SyntaxError: 09 is not a legal ECMA-262 octal constant
console.error: PushService: 
  Failed to drop expired registrations on idle
  UnknownError

###!!! [Child][RunMessage] Error: Channel closing: too late to send/recv, messages will be lost

JavaScript error: , line 0: uncaught exception: UnknownError
JavaScript warning: https://csdnimg.cn/public/common/libs/jquery/jquery-1.9.1.min.js, line 2: Using //@ to indicate sourceMappingURL pragmas is deprecated. Use //# instead
JavaScript warning: https://csdnimg.cn/rabbit/exposure-click/main-1.0.6.js, line 556: unreachable code after return statement
JavaScript warning: https://csdnimg.cn/rabbit/exposure-click/main-1.0.6.js, line 556: unreachable code after return statement
JavaScript error: , line 0: AbortError: Error retrieving push subscription.
JavaScript warning: https://csdnimg.cn/public/common/libs/jquery/jquery-1.9.1.min.js, line 2: Using //@ to indicate sourceMappingURL pragmas is deprecated. Use //# instead
JavaScript warning: https://csdnimg.cn/rabbit/exposure-click/main-1.0.6.js, line 556: unreachable code after return statement
JavaScript warning: https://csdnimg.cn/rabbit/exposure-click/main-1.0.6.js, line 556: unreachable code after return statement
JavaScript error: , line 0: AbortError: Error retrieving push subscription.
JavaScript warning: https://csdnimg.cn/public/common/libs/jquery/jquery-1.9.1.min.js, line 2: Using //@ to indicate sourceMappingURL pragmas is deprecated. Use //# instead
JavaScript warning: https://csdnimg.cn/rabbit/exposure-click/main-1.0.6.js, line 556: unreachable code after return statement
JavaScript warning: https://csdnimg.cn/rabbit/exposure-click/main-1.0.6.js, line 556: unreachable code after return statement
JavaScript error: , line 0: AbortError: Error retrieving push subscription.
JavaScript error: chrome://global/content/elements/browser-custom-element.js, line 1086: uncaught exception: 2147500033
JavaScript error: chrome://global/content/elements/browser-custom-element.js, line 1086: uncaught exception: 2147500033
console.error: "Error while calling actor 'pagestyle's method 'getLayout'" "can't access dead object"
console.error: "getLayout@resource://devtools/server/actors/styles.js:821:11\nhandler@resource://devtools/shared/protocol.js:1206:21\nonPacket@resource://devtools/server/main.js:1286:15\nreceiveMessage@resource://devtools/shared/transport/child-transport.js:66:5\n"
console.error: "Protocol error (unknownError): can't access dead object"
console.error: "Error while calling actor 'pagestyle's method 'getLayout'" "can't access dead object"
console.error: "getLayout@resource://devtools/server/actors/styles.js:821:11\nhandler@resource://devtools/shared/protocol.js:1206:21\nonPacket@resource://devtools/server/main.js:1286:15\nreceiveMessage@resource://devtools/shared/transport/child-transport.js:66:5\n"
console.error: "Protocol error (unknownError): can't access dead object"
JavaScript error: resource://devtools/client/responsive.html/manager.js, line 194: NS_ERROR_FAILURE
JavaScript error: , line 0: uncaught exception: UnknownError
JavaScript error: https://ss1.bdstatic.com/5eN1bjq8AAUYm2zgoY3K/r/www/cache/static/protocol/https/global/js/all_async_search_57fc4da.js, line 25: ReferenceError: i is not defined
JavaScript error: https://ss1.bdstatic.com/5eN1bjq8AAUYm2zgoY3K/r/www/cache/static/protocol/https/global/js/all_async_search_57fc4da.js, line 25: ReferenceError: i is not defined
JavaScript error: https://ss1.bdstatic.com/5eN1bjq8AAUYm2zgoY3K/r/www/cache/static/protocol/https/global/js/all_async_search_57fc4da.js, line 25: ReferenceError: i is not defined
JavaScript warning: https://csdnimg.cn/public/common/libs/jquery/jquery-1.9.1.min.js, line 2: Using //@ to indicate sourceMappingURL pragmas is deprecated. Use //# instead
JavaScript warning: https://csdnimg.cn/rabbit/exposure-click/main-1.0.6.js, line 556: unreachable code after return statement
JavaScript warning: https://csdnimg.cn/rabbit/exposure-click/main-1.0.6.js, line 556: unreachable code after return statement
JavaScript error: , line 0: AbortError: Error retrieving push subscription.
JavaScript warning: https://i2.hdfimg.com/login_bar/js/login_bar_0929.52c0fa28.js, line 1: unreachable code after return statement
JavaScript warning: https://i2.hdfimg.com/login_bar/js/login_bar_0929.52c0fa28.js, line 1: unreachable code after return statement
console.error: PushService: 
  Failed to drop expired registrations on idle
  UnknownError
JavaScript error: http://images.sohu.com/bill/s2015/xuanzhao/cypd/cypd.js, line 7: ReferenceError: define is not defined
JavaScript error: http://health.sohu.com/7/0803/17/column212301760.shtml, line 1416: ReferenceError: require is not defined
JavaScript warning: https://i2.hdfimg.com/my/js/jquery.framework.js, line 178: unreachable code after return statement
JavaScript warning: https://i2.hdfimg.com/my/js/jquery_framework_4login.4a1daa26.js, line 1: unreachable code after return statement
JavaScript warning: https://i2.hdfimg.com/login_bar/js/login_bar_new.92f76cc1.js, line 1: unreachable code after return statement
JavaScript warning: https://i2.hdfimg.com/login_bar/js/login_bar_new.92f76cc1.js, line 1: unreachable code after return statement
JavaScript warning: https://res1.muzhi.baidu.com/emjic?olp=EHC&dpk=EHC&kp=6ELJHGGI&sab=t5514lFMlERlERy6Btuljnmup6ljo0ylER26q45u0zlERDDDCIFHLLCKCLGKKDFLljt5yx&wzp=FKLFInIJKJDnpEJFICnmqLqGDKmKKDGm&awy=DHHGLGKJLCLEJ&wzz=DEIH9DFLL&wz=GEC9KHE&kyp=C&lewz=DDDCCE,DDCCDD&hua=D&wjz=DEIH9IFC&kpz=C&hyp=E&wyva=E&why=DEKC9JEI&wpz=kD9kD&kat=TcYXj-_bc&kj=F&jlj=SNW&khp=F&u8=t5qpk&p7=my2m&68=jsg17&28=seoq5&swt=1, line 187: unreachable code after return statement
JavaScript warning: https://res1.muzhi.baidu.com/emjic?olp=EHC&dpk=EHC&kp=6ELJHGGI&sab=t5514lFMlERlERy6Btuljnmup6ljo0ylER26q45u0zlERDDDCIFHLLCKCLGKKDFLljt5yx&wzp=FKLFInIJKJDnpEJFICnmqLqGDKmKKDGm&awy=DHHGLGKJLCLEJ&wzz=DEIH9DFLL&wz=GEC9KHE&kyp=C&lewz=DDDCCE,DDCCDD&hua=D&wjz=DEIH9IFC&kpz=C&hyp=E&wyva=E&why=DEKC9JEI&wpz=kD9kD&kat=TcYXj-_bc&kj=F&jlj=SNW&khp=F&u8=t5qpk&p7=my2m&68=jsg17&28=seoq5&swt=1, line 187: unreachable code after return statement
JavaScript error: https://cpro.baidustatic.com/cpro/ui/noexpire/ws/widget/logo_d508a26.js, line 1: TypeError: e is null
JavaScript error: , line 0: uncaught exception: UnknownError
JavaScript error: , line 0: InvalidStateError: An attempt was made to use an object that is not, or is no longer, usable
JavaScript error: resource://gre/modules/WebProgressChild.jsm, line 61: TypeError: this.mm.content is null
JavaScript error: , line 0: uncaught exception: UnknownError
JavaScript error: https://tb1.bdstatic.com/tb/static-common/component/commonLogic/common/user_message/UserMessage.js?v=18.7, line 1: TypeError: l.offset(...) is null
JavaScript error: , line 0: InvalidStateError: An attempt was made to use an object that is not, or is no longer, usable
JavaScript error: https://tb1.bdstatic.com/tb/static-common/component/commonLogic/common/user_message/UserMessage.js?v=18.7, line 1: TypeError: l.offset(...) is null
JavaScript error: , line 0: InvalidStateError: An attempt was made to use an object that is not, or is no longer, usable
JavaScript error: https://tb1.bdstatic.com/tb/static-common/component/commonLogic/common/user_message/UserMessage.js?v=18.7, line 1: TypeError: l.offset(...) is null
JavaScript error: , line 0: uncaught exception: UnknownError
JavaScript error: , line 0: uncaught exception: UnknownError
JavaScript error: , line 0: uncaught exception: UnknownError
JavaScript error: resource://gre/modules/PushServiceWebSocket.jsm, line 309: NS_ERROR_NOT_CONNECTED: Component returned failure code: 0x804b000c (NS_ERROR_NOT_CONNECTED) [nsIWebSocketChannel.sendMsg]
JavaScript error: , line 0: uncaught exception: UnknownError
console.error: PushService: 
  Failed to drop expired registrations on idle
  UnknownError
JavaScript error: , line 0: uncaught exception: UnknownError
JavaScript error: , line 0: uncaught exception: UnknownError
JavaScript error: , line 0: uncaught exception: UnknownError
JavaScript error: , line 0: uncaught exception: UnknownError
JavaScript error: , line 0: uncaught exception: UnknownError
JavaScript error: , line 0: uncaught exception: UnknownError
JavaScript error: , line 0: uncaught exception: UnknownError
JavaScript error: , line 0: uncaught exception: UnknownError
JavaScript error: , line 0: uncaught exception: UnknownError
JavaScript error: , line 0: uncaught exception: UnknownError
JavaScript error: , line 0: uncaught exception: UnknownError
JavaScript error: , line 0: uncaught exception: UnknownError
JavaScript error: resource://gre/modules/PushServiceWebSocket.jsm, line 309: NS_ERROR_NOT_CONNECTED: Component returned failure code: 0x804b000c (NS_ERROR_NOT_CONNECTED) [nsIWebSocketChannel.sendMsg]
JavaScript error: , line 0: uncaught exception: UnknownError
console.error: PushService: 
  Failed to drop expired registrations on idle
  UnknownError
JavaScript error: , line 0: uncaught exception: UnknownError
JavaScript error: , line 0: uncaught exception: UnknownError
JavaScript error: , line 0: uncaught exception: UnknownError
JavaScript error: , line 0: uncaught exception: UnknownError
JavaScript error: , line 0: uncaught exception: UnknownError
JavaScript error: , line 0: uncaught exception: UnknownError
JavaScript error: , line 0: uncaught exception: UnknownError
JavaScript error: , line 0: uncaught exception: UnknownError
JavaScript warning: http://js.51jobcdn.com/in/js/2009/jQuery.js, line 19: unreachable code after return statement
JavaScript warning: http://js.51jobcdn.com/in/js/2009/jQuery.js?20170405, line 19: unreachable code after return statement
JavaScript error: resource://gre/modules/PushServiceWebSocket.jsm, line 309: NS_ERROR_NOT_CONNECTED: Component returned failure code: 0x804b000c (NS_ERROR_NOT_CONNECTED) [nsIWebSocketChannel.sendMsg]
JavaScript error: , line 0: AbortError: A request was aborted, for example through a call to IDBTransaction.abort.
JavaScript error: , line 0: uncaught exception: null
1555411738738	Marionette	INFO	Stopped listening on port 54490
